Using pre-set license

 COMMAND LINE ARGUMENTS:
/Applications/Unity/Hub/Editor/2020.3.4f1/Unity.app/Contents/MacOS/Unity
-adb2
-batchMode
-noUpm
-name
AssetImportWorker0
-projectPath
/Users/Shared/Unity/2D Shooter
-logFile
Logs/AssetImportWorker0.log
-srvPort
58984
Successfully changed project path to: /Users/Shared/Unity/2D Shooter
/Users/Shared/Unity/2D Shooter
Using Asset Import Pipeline V2.
Refreshing native plugins compatible for Editor in 115.88 ms, found 2 plugins.
Preloading 0 native plugins for Editor in 0.00 ms.
Initialize engine version: 2020.3.4f1 (0abb6314276a)
[Subsystems] Discovering subsystems at path /Applications/Unity/Hub/Editor/2020.3.4f1/Unity.app/Contents/Resources/UnitySubsystems
[Subsystems] Discovering subsystems at path /Users/Shared/Unity/2D Shooter/Assets
GfxDevice: creating device client; threaded=0
2021-05-06 15:12:31.996 Unity[9757:544853] Color LCD preferred device: Intel(R) Iris(TM) Graphics 6000 (low power)
2021-05-06 15:12:31.996 Unity[9757:544853] Metal devices available: 1
2021-05-06 15:12:31.996 Unity[9757:544853] 0: Intel(R) Iris(TM) Graphics 6000 (low power)
2021-05-06 15:12:31.997 Unity[9757:544853] Using device Intel(R) Iris(TM) Graphics 6000 (low power)
Initializing Metal device caps: Intel(R) Iris(TM) Graphics 6000
Initialize mono
Mono path[0] = '/Applications/Unity/Hub/Editor/2020.3.4f1/Unity.app/Contents/Managed'
Mono path[1] = '/Applications/Unity/Hub/Editor/2020.3.4f1/Unity.app/Contents/MonoBleedingEdge/lib/mono/unityjit'
Mono config path = '/Applications/Unity/Hub/Editor/2020.3.4f1/Unity.app/Contents/MonoBleedingEdge/etc'
Using monoOptions --debugger-agent=transport=dt_socket,embedding=1,server=y,suspend=n,address=127.0.0.1:56757
Begin MonoManager ReloadAssembly
Registering precompiled unity dll's ...
Register platform support module: /Applications/Unity/Hub/Editor/2020.3.4f1/PlaybackEngines/WebGLSupport/UnityEditor.WebGL.Extensions.dll
Register platform support module: /Applications/Unity/Hub/Editor/2020.3.4f1/Unity.app/Contents/PlaybackEngines/MacStandaloneSupport/UnityEditor.OSXStandalone.Extensions.dll
Register platform support module: /Applications/Unity/Hub/Editor/2020.3.4f1/PlaybackEngines/WindowsStandaloneSupport/UnityEditor.WindowsStandalone.Extensions.dll
Registered in 0.001734 seconds.
Native extension for WindowsStandalone target not found
Native extension for OSXStandalone target not found
Native extension for WebGL target not found
Refreshing native plugins compatible for Editor in 81.42 ms, found 2 plugins.
Preloading 0 native plugins for Editor in 0.00 ms.
Mono: successfully reloaded assembly
- Completed reload, in  5.356 seconds
Platform modules already initialized, skipping
Registering precompiled user dll's ...
Registered in 0.001292 seconds.
Begin MonoManager ReloadAssembly
Native extension for WindowsStandalone target not found
Native extension for OSXStandalone target not found
Native extension for WebGL target not found
Refreshing native plugins compatible for Editor in 106.42 ms, found 2 plugins.
Preloading 0 native plugins for Editor in 0.00 ms.
Mono: successfully reloaded assembly
- Completed reload, in  3.124 seconds
Platform modules already initialized, skipping
========================================================================
Worker process is ready to serve import requests
Launching external process: /Applications/Unity/Hub/Editor/2020.3.4f1/Unity.app/Contents/Tools/UnityShaderCompiler
Launched and connected shader compiler UnityShaderCompiler after 0.07 seconds
Refreshing native plugins compatible for Editor in 0.67 ms, found 2 plugins.
Preloading 0 native plugins for Editor in 0.00 ms.
Unloading 2128 Unused Serialized files (Serialized files now loaded: 0)
System memory in use before: 160.9 MB.
System memory in use after: 160.8 MB.

Unloading 26 unused Assets to reduce memory usage. Loaded Objects now: 2575.
Total: 7.405853 ms (FindLiveObjects: 1.689342 ms CreateObjectMapping: 0.265378 ms MarkObjects: 4.781057 ms  DeleteObjects: 0.664387 ms)

========================================================================
Received Import Request.
  path: Assets/_Scenes/Level3Cut.unity
  artifactKey: Guid(ad44ecac0cdaa4403a61261d42a09302) Importer(815301076,1909f56bfc062723c751e8b465ee728b)
Start importing Assets/_Scenes/Level3Cut.unity using Guid(ad44ecac0cdaa4403a61261d42a09302) Importer(815301076,1909f56bfc062723c751e8b465ee728b)  -> (artifact id: '6938980cdf111a9c5ef657b052e6b719') in 0.036540 seconds
  Import took 0.047074 seconds .

========================================================================
Received Import Request.
  Time since last request: 7.428286 seconds.
  path: Assets/Prefabs/Enemies/IndividualEnemies/Chasers/ChaserEnemy.prefab
  artifactKey: Guid(cfd62ad4c55daa942bae8f75211b08e0) Importer(815301076,1909f56bfc062723c751e8b465ee728b)
Start importing Assets/Prefabs/Enemies/IndividualEnemies/Chasers/ChaserEnemy.prefab using Guid(cfd62ad4c55daa942bae8f75211b08e0) Importer(815301076,1909f56bfc062723c751e8b465ee728b)  -> (artifact id: '362e2f7ead32ef91e4472c52249a7fea') in 0.737640 seconds
  Import took 0.745403 seconds .

========================================================================
Received Import Request.
  Time since last request: 3.815414 seconds.
  path: Assets/Prefabs/Enemies/IndividualEnemies/Chasers/ChaserEnemy.prefab
  artifactKey: Guid(cfd62ad4c55daa942bae8f75211b08e0) Importer(815301076,1909f56bfc062723c751e8b465ee728b)
Start importing Assets/Prefabs/Enemies/IndividualEnemies/Chasers/ChaserEnemy.prefab using Guid(cfd62ad4c55daa942bae8f75211b08e0) Importer(815301076,1909f56bfc062723c751e8b465ee728b)  -> (artifact id: 'f92044c1d1cfdcf799e17132dc156c03') in 0.036133 seconds
  Import took 0.044427 seconds .

========================================================================
Received Prepare
Refreshing native plugins compatible for Editor in 3.08 ms, found 2 plugins.
Preloading 0 native plugins for Editor in 0.00 ms.
Unloading 10 Unused Serialized files (Serialized files now loaded: 0)
System memory in use before: 128.0 MB.
System memory in use after: 127.9 MB.

Unloading 10 unused Assets to reduce memory usage. Loaded Objects now: 2582.
Total: 4.093065 ms (FindLiveObjects: 0.369788 ms CreateObjectMapping: 0.192138 ms MarkObjects: 3.359613 ms  DeleteObjects: 0.169638 ms)

========================================================================
Received Prepare
Registering precompiled user dll's ...
Registered in 0.000954 seconds.
Begin MonoManager ReloadAssembly
Native extension for WindowsStandalone target not found
Native extension for OSXStandalone target not found
Native extension for WebGL target not found
Refreshing native plugins compatible for Editor in 0.69 ms, found 2 plugins.
Preloading 0 native plugins for Editor in 0.00 ms.
Mono: successfully reloaded assembly
- Completed reload, in  1.691 seconds
Platform modules already initialized, skipping
Refreshing native plugins compatible for Editor in 0.51 ms, found 2 plugins.
Preloading 0 native plugins for Editor in 0.00 ms.
Unloading 2123 Unused Serialized files (Serialized files now loaded: 0)
System memory in use before: 168.5 MB.
System memory in use after: 168.5 MB.

Unloading 12 unused Assets to reduce memory usage. Loaded Objects now: 2586.
Total: 5.252578 ms (FindLiveObjects: 0.472787 ms CreateObjectMapping: 0.167045 ms MarkObjects: 4.375312 ms  DeleteObjects: 0.232237 ms)

========================================================================
Received Prepare
Refreshing native plugins compatible for Editor in 1.67 ms, found 2 plugins.
Preloading 0 native plugins for Editor in 0.00 ms.
Unloading 10 Unused Serialized files (Serialized files now loaded: 0)
System memory in use before: 126.8 MB.
System memory in use after: 126.8 MB.

Unloading 10 unused Assets to reduce memory usage. Loaded Objects now: 2586.
Total: 5.101655 ms (FindLiveObjects: 0.434020 ms CreateObjectMapping: 0.163140 ms MarkObjects: 4.271425 ms  DeleteObjects: 0.230120 ms)

========================================================================
Received Prepare
Refreshing native plugins compatible for Editor in 2.80 ms, found 2 plugins.
Preloading 0 native plugins for Editor in 0.00 ms.
Unloading 10 Unused Serialized files (Serialized files now loaded: 0)
System memory in use before: 126.8 MB.
System memory in use after: 126.8 MB.

Unloading 10 unused Assets to reduce memory usage. Loaded Objects now: 2586.
Total: 5.352230 ms (FindLiveObjects: 0.516460 ms CreateObjectMapping: 0.160840 ms MarkObjects: 4.294313 ms  DeleteObjects: 0.377333 ms)

========================================================================
Received Prepare
Registering precompiled user dll's ...
Registered in 0.000840 seconds.
Begin MonoManager ReloadAssembly
Native extension for WindowsStandalone target not found
Native extension for OSXStandalone target not found
Native extension for WebGL target not found
Refreshing native plugins compatible for Editor in 0.54 ms, found 2 plugins.
Preloading 0 native plugins for Editor in 0.00 ms.
Mono: successfully reloaded assembly
- Completed reload, in  1.776 seconds
Platform modules already initialized, skipping
Refreshing native plugins compatible for Editor in 0.75 ms, found 2 plugins.
Preloading 0 native plugins for Editor in 0.00 ms.
Unloading 2123 Unused Serialized files (Serialized files now loaded: 0)
System memory in use before: 169.1 MB.
System memory in use after: 169.1 MB.

Unloading 12 unused Assets to reduce memory usage. Loaded Objects now: 2590.
Total: 3.824374 ms (FindLiveObjects: 0.487129 ms CreateObjectMapping: 0.107611 ms MarkObjects: 2.968918 ms  DeleteObjects: 0.258075 ms)

========================================================================
Received Prepare
Refreshing native plugins compatible for Editor in 1.52 ms, found 2 plugins.
Preloading 0 native plugins for Editor in 0.00 ms.
Unloading 10 Unused Serialized files (Serialized files now loaded: 0)
System memory in use before: 127.5 MB.
System memory in use after: 127.5 MB.

Unloading 10 unused Assets to reduce memory usage. Loaded Objects now: 2590.
Total: 5.052558 ms (FindLiveObjects: 0.423123 ms CreateObjectMapping: 0.161367 ms MarkObjects: 4.226920 ms  DeleteObjects: 0.235408 ms)

========================================================================
Received Prepare
Refreshing native plugins compatible for Editor in 2.97 ms, found 2 plugins.
Preloading 0 native plugins for Editor in 0.00 ms.
Unloading 10 Unused Serialized files (Serialized files now loaded: 0)
System memory in use before: 127.5 MB.
System memory in use after: 127.5 MB.

Unloading 10 unused Assets to reduce memory usage. Loaded Objects now: 2590.
Total: 5.189460 ms (FindLiveObjects: 0.428195 ms CreateObjectMapping: 0.161790 ms MarkObjects: 4.359747 ms  DeleteObjects: 0.232658 ms)

AssetImportWorkerClient::OnTransportError - code=2 error=End of file
